<?xml version="1.0" encoding="UTF-8"?>
<!-- Generated by org.testng.reporters.JUnitReportReporter -->
<testsuite hostname="LAPTOP-P55ATLON" failures="0" tests="1" name="demo1.sample" time="0.007" errors="0" timestamp="2021-08-03T13:07:25 IST" skipped="0">
  <testcase classname="demo1.sample" name="test0" time="0.007"/>
  <system-out/>
</testsuite> <!-- demo1.sample -->
