<?xml version="1.0" encoding="UTF-8"?>
<!-- Generated by org.testng.reporters.JUnitReportReporter -->
<testsuite hostname="LAPTOP-P55ATLON" failures="0" tests="1" name="demo1.ParaMetersTest" time="0.007" errors="0" timestamp="2021-08-03T15:34:21 IST" skipped="0">
  <testcase classname="demo1.ParaMetersTest" name="params" time="0.007"/>
  <system-out/>
</testsuite> <!-- demo1.ParaMetersTest -->
